Command line:
   lights_isim_beh.exe
     -simmode  gui
     -simrunnum  1
     -socket  65235

Mon Dec 12 07:09:52 2022


 Elaboration Time: 0.03125 sec

 Current Memory Usage: 5149.82 Meg

 Total Signals          : 17
 Total Nets             : 17
 Total Signal Drivers   : 15
 Total Blocks           : 4
 Total Primitive Blocks : 4
 Total Processes        : 2
 Total Traceable Variables  : 10
 Total Scalar Nets and Variables : 395
Total Line Count : 64

 Total Simulation Time: 0.03125 sec

 Current Memory Usage: 5149.82 Meg

Mon Dec 12 07:09:57 2022

